########### array before sorts ###########
0	4.211322	4.470400	57.221322	4.470400	n
1	57.221322	4.470400	57.221322	61.610400	n
2	57.221322	61.610400	4.211322	61.610400	n
3	4.211322	61.610400	4.211322	4.470400	n
Tolerance=0.050000.
*Exact match for i=0 and j=1.
*i point 4.211322	4.470400	57.221322	4.470400	y
*Exact match for i=1 and j=2.
*i point 57.221322	4.470400	57.221322	61.610400	y
*Exact match for i=2 and j=3.
*i point 57.221322	61.610400	4.211322	61.610400	y
########### array after sorts ###########
0	4.211322	4.470400	57.221322	4.470400	y
1	57.221322	4.470400	57.221322	61.610400	y
2	57.221322	61.610400	4.211322	61.610400	y
3	4.211322	61.610400	4.211322	4.470400	y
***************
.BOARD_OUTLINE UNOWNED
1.6
0     4.211322     4.470400     0
0     57.221322     4.470400     0
0     57.221322     61.610400     0
0     4.211322     61.610400     0
0     4.211322     4.470400     0
